{
  "stats": {
    "suites": 2,
    "tests": 2,
    "passes": 2,
    "pending": 0,
    "failures": 0,
    "start": "2022-09-14T14:47:31.904Z",
    "end": "2022-09-14T14:47:33.198Z",
    "duration": 1294,
    "testsRegistered": 2,
    "passPercent": 100,
    "pendingPercent": 0,
    "other": 0,
    "hasOther": false,
    "skipped": 0,
    "hasSkipped": false
  },
  "results": [
    {
      "uuid": "bf9bf9e4-5eaf-47b3-987e-3e54f4458f6b",
      "title": "",
      "fullFile": "cypress/integration/4.carrinhos.spec.js",
      "file": "cypress/integration/4.carrinhos.spec.js",
      "beforeHooks": [],
      "afterHooks": [],
      "tests": [],
      "suites": [
        {
          "uuid": "a7c208d3-8ac3-485f-a066-8dbe563d8adb",
          "title": "Casos de tese sobre a rota /carrinhos da API Serverest",
          "fullFile": "",
          "file": "",
          "beforeHooks": [],
          "afterHooks": [],
          "tests": [
            {
              "title": "Deve buscar todos  os carrinhos cadastrado ",
              "fullTitle": "Casos de tese sobre a rota /carrinhos da API Serverest Deve buscar todos  os carrinhos cadastrado ",
              "timedOut": null,
              "duration": 229,
              "state": "passed",
              "speed": "fast",
              "pass": true,
              "fail": false,
              "pending": false,
              "context": null,
              "code": "_serverest.default.buscarCarrinhos().then(res => {\n  _validaServerest.default.validarBuscaDeCarrinhoComSucesso(res);\n});",
              "err": {},
              "uuid": "bb0c0075-99a8-42f5-bb0e-2d4a59cb1125",
              "parentUUID": "a7c208d3-8ac3-485f-a066-8dbe563d8adb",
              "isHook": false,
              "skipped": false
            }
          ],
          "suites": [
            {
              "uuid": "a377b4bb-7008-4106-a214-fae6aec11b33",
              "title": "Logar com sucesso",
              "fullFile": "",
              "file": "",
              "beforeHooks": [],
              "afterHooks": [],
              "tests": [
                {
                  "title": "Deve postar um novo carinho com sucesso",
                  "fullTitle": "Casos de tese sobre a rota /carrinhos da API Serverest Logar com sucesso Deve postar um novo carinho com sucesso",
                  "timedOut": null,
                  "duration": 1043,
                  "state": "passed",
                  "speed": "fast",
                  "pass": true,
                  "fail": false,
                  "pending": false,
                  "context": null,
                  "code": "_serverest.default.buscarProdutosParaCarrinho();\ncy.get('@produtoCarrinho').then(produto => {\n  _serverest.default.cadastrarCarrinhoComSucesso(produto).then(res => {\n    _validaServerest.default.validarCadastroDeCarrinhoComSucesso(res);\n  });\n});",
                  "err": {},
                  "uuid": "d74a7171-d22d-4ba7-a92d-8ad67a1eb51c",
                  "parentUUID": "a377b4bb-7008-4106-a214-fae6aec11b33",
                  "isHook": false,
                  "skipped": false
                }
              ],
              "suites": [],
              "passes": [
                "d74a7171-d22d-4ba7-a92d-8ad67a1eb51c"
              ],
              "failures": [],
              "pending": [],
              "skipped": [],
              "duration": 1043,
              "root": false,
              "rootEmpty": false,
              "_timeout": 2000
            }
          ],
          "passes": [
            "bb0c0075-99a8-42f5-bb0e-2d4a59cb1125"
          ],
          "failures": [],
          "pending": [],
          "skipped": [],
          "duration": 229,
          "root": false,
          "rootEmpty": false,
          "_timeout": 2000
        }
      ],
      "passes": [],
      "failures": [],
      "pending": [],
      "skipped": [],
      "duration": 0,
      "root": true,
      "rootEmpty": true,
      "_timeout": 2000
    }
  ],
  "meta": {
    "mocha": {
      "version": "7.0.1"
    },
    "mochawesome": {
      "options": {
        "quiet": false,
        "reportFilename": "mochawesome",
        "saveHtml": false,
        "saveJson": true,
        "consoleReporter": "spec",
        "useInlineDiffs": false,
        "code": true
      },
      "version": "7.1.3"
    },
    "marge": {
      "options": {
        "id": "default",
        "reportDir": "cypress/reports/mocha",
        "quite": true,
        "overwrite": false,
        "html": false,
        "json": true
      },
      "version": "6.2.0"
    }
  }
}