{
  "stats": {
    "suites": 2,
    "tests": 2,
    "passes": 1,
    "pending": 0,
    "failures": 1,
    "start": "2022-09-12T17:54:29.659Z",
    "end": "2022-09-12T17:54:30.983Z",
    "duration": 1324,
    "testsRegistered": 2,
    "passPercent": 50,
    "pendingPercent": 0,
    "other": 0,
    "hasOther": false,
    "skipped": 0,
    "hasSkipped": false
  },
  "results": [
    {
      "uuid": "8004b4d7-18b3-483f-9664-52583de580ed",
      "title": "",
      "fullFile": "cypress/integration/3.produtos.spec.js",
      "file": "cypress/integration/3.produtos.spec.js",
      "beforeHooks": [],
      "afterHooks": [],
      "tests": [],
      "suites": [
        {
          "uuid": "a293d540-3e17-419e-9161-41504e456615",
          "title": "Casos de tese sobre a rota /produtos da API Serverest",
          "fullFile": "",
          "file": "",
          "beforeHooks": [],
          "afterHooks": [],
          "tests": [
            {
              "title": "Deve buscar todos os produtos cadastrados",
              "fullTitle": "Casos de tese sobre a rota /produtos da API Serverest Deve buscar todos os produtos cadastrados",
              "timedOut": null,
              "duration": 248,
              "state": "passed",
              "speed": "fast",
              "pass": true,
              "fail": false,
              "pending": false,
              "context": null,
              "code": "_serverest.default.buscarProdutos().then(res => {\n  _validaServerest.default.validarBuscaDeProdutos(res);\n});",
              "err": {},
              "uuid": "c15b6d45-aacf-40c4-8a98-2535e44438b0",
              "parentUUID": "a293d540-3e17-419e-9161-41504e456615",
              "isHook": false,
              "skipped": false
            }
          ],
          "suites": [
            {
              "uuid": "b98ecd1a-79aa-4753-9c58-17335a94e91d",
              "title": "Logar com sucesso",
              "fullFile": "",
              "file": "",
              "beforeHooks": [],
              "afterHooks": [],
              "tests": [
                {
                  "title": "Deve postar um novo produto com sucesso",
                  "fullTitle": "Casos de tese sobre a rota /produtos da API Serverest Logar com sucesso Deve postar um novo produto com sucesso",
                  "timedOut": null,
                  "duration": 967,
                  "state": "failed",
                  "speed": null,
                  "pass": false,
                  "fail": true,
                  "pending": false,
                  "context": null,
                  "code": "_serverest.default.cadastrarProdutoComSucesso().then(res => {\n  _validaServerest.default.validarLoginComSucesso(res);\n});",
                  "err": {
                    "message": "CypressError: `cy.request()` failed on:\n\nhttps://serverest.dev/produtos\n\nThe response we received from your web server was:\n\n  > 400: Bad Request\n\nThis was considered a failure because the status code was not `2xx` or `3xx`.\n\nIf you do not want status codes to cause failures pass the option: `failOnStatusCode: false`\n\n-----------------------------------------------------------\n\nThe request we sent was:\n\nMethod: POST\nURL: https://serverest.dev/produtos\nHeaders: {\n  \"Connection\": \"keep-alive\",\n  \"user-agent\": \"Mozilla/5.0 (Windows NT 10.0; Win64; x64) AppleWebKit/537.36 (KHTML, like Gecko) Cypress/9.7.0 Chrome/100.0.4896.75 Electron/18.0.4 Safari/537.36\",\n  \"accept\": \"*/*\",\n  \"authorization\": \"Bearer eyJhbGciOiJIUzI1NiIsInR5cCI6IkpXVCJ9.eyJlbWFpbCI6Ikdlb3JnZXR0ZTEyQGdtYWlsLmNvbSIsInBhc3N3b3JkIjoicmJEX013czV5S0pXUnQ4IiwiaWF0IjoxNjYzMDA1MjYzLCJleHAiOjE2NjMwMDU4NjN9.vGF5UkVIctoHr-Sp3rmgjk6WvUZsG0xBZK1bme0ides\",\n  \"accept-encoding\": \"gzip, deflate\",\n  \"content-type\": \"application/json\",\n  \"content-length\": 81\n}\nBody: {\"nome\":\"Logitech MD Horizontaal\",\"preco\":25,\"descricao\":\"Tecla\",\"quantidade\":38}\n\n-----------------------------------------------------------\n\nThe response we got was:\n\nStatus: 400 - Bad Request\nHeaders: {\n  \"access-control-allow-origin\": \"*\",\n  \"x-dns-prefetch-control\": \"off\",\n  \"x-frame-options\": \"SAMEORIGIN\",\n  \"strict-transport-security\": \"max-age=15552000; includeSubDomains\",\n  \"x-download-options\": \"noopen\",\n  \"x-content-type-options\": \"nosniff\",\n  \"x-xss-protection\": \"1; mode=block\",\n  \"x-moesif-transaction-id\": \"ed584035-80b1-4f91-8b42-d1be76f7fa5f\",\n  \"content-type\": \"application/json; charset=utf-8\",\n  \"x-cloud-trace-context\": \"d7b6d56214c6441a065968abb8a3f2db\",\n  \"date\": \"Mon, 12 Sep 2022 17:54:23 GMT\",\n  \"server\": \"Google Frontend\",\n  \"content-length\": \"53\"\n}\nBody: {\n  \"message\": \"Já existe produto com esse nome\"\n}\n\n\nhttps://on.cypress.io/request",
                    "estack": "CypressError: `cy.request()` failed on:\n\nhttps://serverest.dev/produtos\n\nThe response we received from your web server was:\n\n  > 400: Bad Request\n\nThis was considered a failure because the status code was not `2xx` or `3xx`.\n\nIf you do not want status codes to cause failures pass the option: `failOnStatusCode: false`\n\n-----------------------------------------------------------\n\nThe request we sent was:\n\nMethod: POST\nURL: https://serverest.dev/produtos\nHeaders: {\n  \"Connection\": \"keep-alive\",\n  \"user-agent\": \"Mozilla/5.0 (Windows NT 10.0; Win64; x64) AppleWebKit/537.36 (KHTML, like Gecko) Cypress/9.7.0 Chrome/100.0.4896.75 Electron/18.0.4 Safari/537.36\",\n  \"accept\": \"*/*\",\n  \"authorization\": \"Bearer eyJhbGciOiJIUzI1NiIsInR5cCI6IkpXVCJ9.eyJlbWFpbCI6Ikdlb3JnZXR0ZTEyQGdtYWlsLmNvbSIsInBhc3N3b3JkIjoicmJEX013czV5S0pXUnQ4IiwiaWF0IjoxNjYzMDA1MjYzLCJleHAiOjE2NjMwMDU4NjN9.vGF5UkVIctoHr-Sp3rmgjk6WvUZsG0xBZK1bme0ides\",\n  \"accept-encoding\": \"gzip, deflate\",\n  \"content-type\": \"application/json\",\n  \"content-length\": 81\n}\nBody: {\"nome\":\"Logitech MD Horizontaal\",\"preco\":25,\"descricao\":\"Tecla\",\"quantidade\":38}\n\n-----------------------------------------------------------\n\nThe response we got was:\n\nStatus: 400 - Bad Request\nHeaders: {\n  \"access-control-allow-origin\": \"*\",\n  \"x-dns-prefetch-control\": \"off\",\n  \"x-frame-options\": \"SAMEORIGIN\",\n  \"strict-transport-security\": \"max-age=15552000; includeSubDomains\",\n  \"x-download-options\": \"noopen\",\n  \"x-content-type-options\": \"nosniff\",\n  \"x-xss-protection\": \"1; mode=block\",\n  \"x-moesif-transaction-id\": \"ed584035-80b1-4f91-8b42-d1be76f7fa5f\",\n  \"content-type\": \"application/json; charset=utf-8\",\n  \"x-cloud-trace-context\": \"d7b6d56214c6441a065968abb8a3f2db\",\n  \"date\": \"Mon, 12 Sep 2022 17:54:23 GMT\",\n  \"server\": \"Google Frontend\",\n  \"content-length\": \"53\"\n}\nBody: {\n  \"message\": \"Já existe produto com esse nome\"\n}\n\n\nhttps://on.cypress.io/request\n    at https://serverest.dev/__cypress/runner/cypress_runner.js:165434:80\n    at tryCatcher (https://serverest.dev/__cypress/runner/cypress_runner.js:13022:23)\n    at Promise._settlePromiseFromHandler (https://serverest.dev/__cypress/runner/cypress_runner.js:10957:31)\n    at Promise._settlePromise (https://serverest.dev/__cypress/runner/cypress_runner.js:11014:18)\n    at Promise._settlePromise0 (https://serverest.dev/__cypress/runner/cypress_runner.js:11059:10)\n    at Promise._settlePromises (https://serverest.dev/__cypress/runner/cypress_runner.js:11139:18)\n    at _drainQueueStep (https://serverest.dev/__cypress/runner/cypress_runner.js:7729:12)\n    at _drainQueue (https://serverest.dev/__cypress/runner/cypress_runner.js:7722:9)\n    at Async.../../node_modules/bluebird/js/release/async.js.Async._drainQueues (https://serverest.dev/__cypress/runner/cypress_runner.js:7738:5)\n    at Async.drainQueues (https://serverest.dev/__cypress/runner/cypress_runner.js:7608:14)\nFrom Your Spec Code:\n    at Function.validarLoginComSucesso (https://serverest.dev/__cypress/tests?p=cypress\\integration\\3.produtos.spec.js:284:5)\n    at Context.eval (https://serverest.dev/__cypress/tests?p=cypress\\integration\\3.produtos.spec.js:136:36)",
                    "diff": null
                  },
                  "uuid": "7336c876-9346-4b84-89db-d66b4008f380",
                  "parentUUID": "b98ecd1a-79aa-4753-9c58-17335a94e91d",
                  "isHook": false,
                  "skipped": false
                }
              ],
              "suites": [],
              "passes": [],
              "failures": [
                "7336c876-9346-4b84-89db-d66b4008f380"
              ],
              "pending": [],
              "skipped": [],
              "duration": 967,
              "root": false,
              "rootEmpty": false,
              "_timeout": 2000
            }
          ],
          "passes": [
            "c15b6d45-aacf-40c4-8a98-2535e44438b0"
          ],
          "failures": [],
          "pending": [],
          "skipped": [],
          "duration": 248,
          "root": false,
          "rootEmpty": false,
          "_timeout": 2000
        }
      ],
      "passes": [],
      "failures": [],
      "pending": [],
      "skipped": [],
      "duration": 0,
      "root": true,
      "rootEmpty": true,
      "_timeout": 2000
    }
  ],
  "meta": {
    "mocha": {
      "version": "7.0.1"
    },
    "mochawesome": {
      "options": {
        "quiet": false,
        "reportFilename": "mochawesome",
        "saveHtml": false,
        "saveJson": true,
        "consoleReporter": "spec",
        "useInlineDiffs": false,
        "code": true
      },
      "version": "7.1.3"
    },
    "marge": {
      "options": {
        "id": "default",
        "reportDir": "cypress/reports/mocha",
        "quite": true,
        "overwrite": false,
        "html": false,
        "json": true
      },
      "version": "6.2.0"
    }
  }
}