{
  "stats": {
    "suites": 2,
    "tests": 2,
    "passes": 1,
    "pending": 0,
    "failures": 1,
    "start": "2022-09-14T14:47:28.446Z",
    "end": "2022-09-14T14:47:29.645Z",
    "duration": 1199,
    "testsRegistered": 2,
    "passPercent": 50,
    "pendingPercent": 0,
    "other": 0,
    "hasOther": false,
    "skipped": 0,
    "hasSkipped": false
  },
  "results": [
    {
      "uuid": "312c934a-b144-4943-b499-fbbdd3f3e34d",
      "title": "",
      "fullFile": "cypress/integration/3.produtos.spec.js",
      "file": "cypress/integration/3.produtos.spec.js",
      "beforeHooks": [],
      "afterHooks": [],
      "tests": [],
      "suites": [
        {
          "uuid": "a3ac269f-fdb6-4507-98aa-0812d7bb2c68",
          "title": "Casos de tese sobre a rota /produtos da API Serverest",
          "fullFile": "",
          "file": "",
          "beforeHooks": [],
          "afterHooks": [],
          "tests": [
            {
              "title": "Deve buscar todos os produtos cadastrados",
              "fullTitle": "Casos de tese sobre a rota /produtos da API Serverest Deve buscar todos os produtos cadastrados",
              "timedOut": null,
              "duration": 225,
              "state": "passed",
              "speed": "fast",
              "pass": true,
              "fail": false,
              "pending": false,
              "context": null,
              "code": "_serverest.default.buscarProdutos().then(res => {\n  _validaServerest.default.validarBuscaDeProdutos(res);\n});",
              "err": {},
              "uuid": "08f1d3f7-525a-4cb7-8b1a-f46a5048e60c",
              "parentUUID": "a3ac269f-fdb6-4507-98aa-0812d7bb2c68",
              "isHook": false,
              "skipped": false
            }
          ],
          "suites": [
            {
              "uuid": "1049df2c-a1d6-4ffb-884e-4f73f1bd8363",
              "title": "Logar com sucesso",
              "fullFile": "",
              "file": "",
              "beforeHooks": [],
              "afterHooks": [],
              "tests": [
                {
                  "title": "Deve postar um novo produto com sucesso",
                  "fullTitle": "Casos de tese sobre a rota /produtos da API Serverest Logar com sucesso Deve postar um novo produto com sucesso",
                  "timedOut": null,
                  "duration": 901,
                  "state": "failed",
                  "speed": null,
                  "pass": false,
                  "fail": true,
                  "pending": false,
                  "context": null,
                  "code": "_serverest.default.cadastrarProdutoComSucesso().then(res => {\n  _validaServerest.default.validarLoginComSucesso(res);\n});",
                  "err": {
                    "message": "AssertionError: expected { Object (message, _id) } to have own property 'authorization'",
                    "estack": "AssertionError: expected { Object (message, _id) } to have own property 'authorization'\n    at Function.validarLoginComSucesso (https://serverest.dev/__cypress/tests?p=cypress\\integration\\3.produtos.spec.js:284:30)\n    at Context.eval (https://serverest.dev/__cypress/tests?p=cypress\\integration\\3.produtos.spec.js:144:34)",
                    "diff": null
                  },
                  "uuid": "fac335f1-7905-456e-8ccf-1aef8fb7c1a8",
                  "parentUUID": "1049df2c-a1d6-4ffb-884e-4f73f1bd8363",
                  "isHook": false,
                  "skipped": false
                }
              ],
              "suites": [],
              "passes": [],
              "failures": [
                "fac335f1-7905-456e-8ccf-1aef8fb7c1a8"
              ],
              "pending": [],
              "skipped": [],
              "duration": 901,
              "root": false,
              "rootEmpty": false,
              "_timeout": 2000
            }
          ],
          "passes": [
            "08f1d3f7-525a-4cb7-8b1a-f46a5048e60c"
          ],
          "failures": [],
          "pending": [],
          "skipped": [],
          "duration": 225,
          "root": false,
          "rootEmpty": false,
          "_timeout": 2000
        }
      ],
      "passes": [],
      "failures": [],
      "pending": [],
      "skipped": [],
      "duration": 0,
      "root": true,
      "rootEmpty": true,
      "_timeout": 2000
    }
  ],
  "meta": {
    "mocha": {
      "version": "7.0.1"
    },
    "mochawesome": {
      "options": {
        "quiet": false,
        "reportFilename": "mochawesome",
        "saveHtml": false,
        "saveJson": true,
        "consoleReporter": "spec",
        "useInlineDiffs": false,
        "code": true
      },
      "version": "7.1.3"
    },
    "marge": {
      "options": {
        "id": "default",
        "reportDir": "cypress/reports/mocha",
        "quite": true,
        "overwrite": false,
        "html": false,
        "json": true
      },
      "version": "6.2.0"
    }
  }
}