{
  "stats": {
    "suites": 4,
    "tests": 8,
    "passes": 6,
    "pending": 0,
    "failures": 2,
    "start": "2022-09-14T14:47:21.833Z",
    "end": "2022-09-14T14:47:33.198Z",
    "duration": 4422,
    "testsRegistered": 8,
    "passPercent": 75,
    "pendingPercent": 0,
    "other": 0,
    "hasOther": false,
    "skipped": 0,
    "hasSkipped": false
  },
  "results": [
    {
      "uuid": "1d4c62a8-c732-4e84-8bd6-6f9774df10ba",
      "title": "",
      "fullFile": "cypress/integration/2.login.spec.js",
      "file": "cypress/integration/2.login.spec.js",
      "beforeHooks": [],
      "afterHooks": [],
      "tests": [],
      "suites": [
        {
          "uuid": "445dff65-f4d6-40c6-8531-3773023119f8",
          "title": "Casos de tese sobre a rota /login da API Serverest",
          "fullFile": "",
          "file": "",
          "beforeHooks": [],
          "afterHooks": [],
          "tests": [
            {
              "title": "Deve realizar login com sucesso",
              "fullTitle": "Casos de tese sobre a rota /login da API Serverest Deve realizar login com sucesso",
              "timedOut": null,
              "duration": 497,
              "state": "passed",
              "speed": "fast",
              "pass": true,
              "fail": false,
              "pending": false,
              "context": null,
              "code": "_serverest.default.buscarUsuarioParaLogin();\ncy.get('@usuarioLogin').then(usuario => {\n  _serverest.default.logar(usuario).then(res => {\n    _validaServerest.default.validarLoginComSucesso(res);\n    _serverest.default.salvarBearer(res);\n  });\n});",
              "err": {},
              "uuid": "4b4793a5-e441-4d4d-94d9-0f0e06b0cce6",
              "parentUUID": "445dff65-f4d6-40c6-8531-3773023119f8",
              "isHook": false,
              "skipped": false
            }
          ],
          "suites": [],
          "passes": [
            "4b4793a5-e441-4d4d-94d9-0f0e06b0cce6"
          ],
          "failures": [],
          "pending": [],
          "skipped": [],
          "duration": 497,
          "root": false,
          "rootEmpty": false,
          "_timeout": 2000
        }
      ],
      "passes": [],
      "failures": [],
      "pending": [],
      "skipped": [],
      "duration": 0,
      "root": true,
      "rootEmpty": true,
      "_timeout": 2000
    },
    {
      "uuid": "312c934a-b144-4943-b499-fbbdd3f3e34d",
      "title": "",
      "fullFile": "cypress/integration/3.produtos.spec.js",
      "file": "cypress/integration/3.produtos.spec.js",
      "beforeHooks": [],
      "afterHooks": [],
      "tests": [],
      "suites": [
        {
          "uuid": "a3ac269f-fdb6-4507-98aa-0812d7bb2c68",
          "title": "Casos de tese sobre a rota /produtos da API Serverest",
          "fullFile": "",
          "file": "",
          "beforeHooks": [],
          "afterHooks": [],
          "tests": [
            {
              "title": "Deve buscar todos os produtos cadastrados",
              "fullTitle": "Casos de tese sobre a rota /produtos da API Serverest Deve buscar todos os produtos cadastrados",
              "timedOut": null,
              "duration": 225,
              "state": "passed",
              "speed": "fast",
              "pass": true,
              "fail": false,
              "pending": false,
              "context": null,
              "code": "_serverest.default.buscarProdutos().then(res => {\n  _validaServerest.default.validarBuscaDeProdutos(res);\n});",
              "err": {},
              "uuid": "08f1d3f7-525a-4cb7-8b1a-f46a5048e60c",
              "parentUUID": "a3ac269f-fdb6-4507-98aa-0812d7bb2c68",
              "isHook": false,
              "skipped": false
            }
          ],
          "suites": [
            {
              "uuid": "1049df2c-a1d6-4ffb-884e-4f73f1bd8363",
              "title": "Logar com sucesso",
              "fullFile": "",
              "file": "",
              "beforeHooks": [],
              "afterHooks": [],
              "tests": [
                {
                  "title": "Deve postar um novo produto com sucesso",
                  "fullTitle": "Casos de tese sobre a rota /produtos da API Serverest Logar com sucesso Deve postar um novo produto com sucesso",
                  "timedOut": null,
                  "duration": 901,
                  "state": "failed",
                  "speed": null,
                  "pass": false,
                  "fail": true,
                  "pending": false,
                  "context": null,
                  "code": "_serverest.default.cadastrarProdutoComSucesso().then(res => {\n  _validaServerest.default.validarLoginComSucesso(res);\n});",
                  "err": {
                    "message": "AssertionError: expected { Object (message, _id) } to have own property 'authorization'",
                    "estack": "AssertionError: expected { Object (message, _id) } to have own property 'authorization'\n    at Function.validarLoginComSucesso (https://serverest.dev/__cypress/tests?p=cypress\\integration\\3.produtos.spec.js:284:30)\n    at Context.eval (https://serverest.dev/__cypress/tests?p=cypress\\integration\\3.produtos.spec.js:144:34)",
                    "diff": null
                  },
                  "uuid": "fac335f1-7905-456e-8ccf-1aef8fb7c1a8",
                  "parentUUID": "1049df2c-a1d6-4ffb-884e-4f73f1bd8363",
                  "isHook": false,
                  "skipped": false
                }
              ],
              "suites": [],
              "passes": [],
              "failures": [
                "fac335f1-7905-456e-8ccf-1aef8fb7c1a8"
              ],
              "pending": [],
              "skipped": [],
              "duration": 901,
              "root": false,
              "rootEmpty": false,
              "_timeout": 2000
            }
          ],
          "passes": [
            "08f1d3f7-525a-4cb7-8b1a-f46a5048e60c"
          ],
          "failures": [],
          "pending": [],
          "skipped": [],
          "duration": 225,
          "root": false,
          "rootEmpty": false,
          "_timeout": 2000
        }
      ],
      "passes": [],
      "failures": [],
      "pending": [],
      "skipped": [],
      "duration": 0,
      "root": true,
      "rootEmpty": true,
      "_timeout": 2000
    },
    {
      "uuid": "bf9bf9e4-5eaf-47b3-987e-3e54f4458f6b",
      "title": "",
      "fullFile": "cypress/integration/4.carrinhos.spec.js",
      "file": "cypress/integration/4.carrinhos.spec.js",
      "beforeHooks": [],
      "afterHooks": [],
      "tests": [],
      "suites": [
        {
          "uuid": "a7c208d3-8ac3-485f-a066-8dbe563d8adb",
          "title": "Casos de tese sobre a rota /carrinhos da API Serverest",
          "fullFile": "",
          "file": "",
          "beforeHooks": [],
          "afterHooks": [],
          "tests": [
            {
              "title": "Deve buscar todos  os carrinhos cadastrado ",
              "fullTitle": "Casos de tese sobre a rota /carrinhos da API Serverest Deve buscar todos  os carrinhos cadastrado ",
              "timedOut": null,
              "duration": 229,
              "state": "passed",
              "speed": "fast",
              "pass": true,
              "fail": false,
              "pending": false,
              "context": null,
              "code": "_serverest.default.buscarCarrinhos().then(res => {\n  _validaServerest.default.validarBuscaDeCarrinhoComSucesso(res);\n});",
              "err": {},
              "uuid": "bb0c0075-99a8-42f5-bb0e-2d4a59cb1125",
              "parentUUID": "a7c208d3-8ac3-485f-a066-8dbe563d8adb",
              "isHook": false,
              "skipped": false
            }
          ],
          "suites": [
            {
              "uuid": "a377b4bb-7008-4106-a214-fae6aec11b33",
              "title": "Logar com sucesso",
              "fullFile": "",
              "file": "",
              "beforeHooks": [],
              "afterHooks": [],
              "tests": [
                {
                  "title": "Deve postar um novo carinho com sucesso",
                  "fullTitle": "Casos de tese sobre a rota /carrinhos da API Serverest Logar com sucesso Deve postar um novo carinho com sucesso",
                  "timedOut": null,
                  "duration": 1043,
                  "state": "passed",
                  "speed": "fast",
                  "pass": true,
                  "fail": false,
                  "pending": false,
                  "context": null,
                  "code": "_serverest.default.buscarProdutosParaCarrinho();\ncy.get('@produtoCarrinho').then(produto => {\n  _serverest.default.cadastrarCarrinhoComSucesso(produto).then(res => {\n    _validaServerest.default.validarCadastroDeCarrinhoComSucesso(res);\n  });\n});",
                  "err": {},
                  "uuid": "d74a7171-d22d-4ba7-a92d-8ad67a1eb51c",
                  "parentUUID": "a377b4bb-7008-4106-a214-fae6aec11b33",
                  "isHook": false,
                  "skipped": false
                }
              ],
              "suites": [],
              "passes": [
                "d74a7171-d22d-4ba7-a92d-8ad67a1eb51c"
              ],
              "failures": [],
              "pending": [],
              "skipped": [],
              "duration": 1043,
              "root": false,
              "rootEmpty": false,
              "_timeout": 2000
            }
          ],
          "passes": [
            "bb0c0075-99a8-42f5-bb0e-2d4a59cb1125"
          ],
          "failures": [],
          "pending": [],
          "skipped": [],
          "duration": 229,
          "root": false,
          "rootEmpty": false,
          "_timeout": 2000
        }
      ],
      "passes": [],
      "failures": [],
      "pending": [],
      "skipped": [],
      "duration": 0,
      "root": true,
      "rootEmpty": true,
      "_timeout": 2000
    },
    {
      "uuid": "d9dbf594-4b4a-4c60-a6ef-033200901703",
      "title": "",
      "fullFile": "cypress/integration/1.usuarios.spec.js",
      "file": "cypress/integration/1.usuarios.spec.js",
      "beforeHooks": [],
      "afterHooks": [],
      "tests": [],
      "suites": [
        {
          "uuid": "44d04166-32cc-4a24-9606-3a6c2b73748d",
          "title": "Casos de teste sobre rota/usuarios da API Serverest",
          "fullFile": "",
          "file": "",
          "beforeHooks": [],
          "afterHooks": [],
          "tests": [
            {
              "title": "Deve buscar todos os usuários cadastrados na Serverest",
              "fullTitle": "Casos de teste sobre rota/usuarios da API Serverest Deve buscar todos os usuários cadastrados na Serverest",
              "timedOut": null,
              "duration": 575,
              "state": "passed",
              "speed": "fast",
              "pass": true,
              "fail": false,
              "pending": false,
              "context": null,
              "code": "_serverest.default.buscarUsuarios().then(res => {\n  cy.contractValidation(res, 'get-usuarios', 200);\n  _validaServerest.default.validarBuscaDeUsuarios(res);\n});",
              "err": {},
              "uuid": "6c490ffe-5716-4803-baf0-f25174e5778f",
              "parentUUID": "44d04166-32cc-4a24-9606-3a6c2b73748d",
              "isHook": false,
              "skipped": false
            },
            {
              "title": "Não deve postar um novo usuario administrador existente",
              "fullTitle": "Casos de teste sobre rota/usuarios da API Serverest Não deve postar um novo usuario administrador existente",
              "timedOut": null,
              "duration": 511,
              "state": "failed",
              "speed": null,
              "pass": false,
              "fail": true,
              "pending": false,
              "context": null,
              "code": "cy.postarUsuarioSemSucesso().then(res => {\n  cy.contractValidation(res, 'post-usuarios', 400);\n  expect(res.body.message).to.be.eq('Este email já está sendo usado');\n});",
              "err": {
                "message": "Error: schema with key or id \"http://example.com/example.json\" already exists",
                "estack": "Error: schema with key or id \"http://example.com/example.json\" already exists\n    at Ajv._checkUnique (https://serverest.dev/__cypress/tests?p=cypress\\support\\index.js:3722:19)\n    at Ajv._addSchema (https://serverest.dev/__cypress/tests?p=cypress\\support\\index.js:3713:22)\n    at Ajv.compile (https://serverest.dev/__cypress/tests?p=cypress\\support\\index.js:3415:26)\n    at Context.eval (https://serverest.dev/__cypress/tests?p=cypress\\support\\index.js:153:26)",
                "diff": null
              },
              "uuid": "474ef596-082f-4ea1-8509-14ac5856b9bc",
              "parentUUID": "44d04166-32cc-4a24-9606-3a6c2b73748d",
              "isHook": false,
              "skipped": false
            },
            {
              "title": "Deve realizar login com sucesso",
              "fullTitle": "Casos de teste sobre rota/usuarios da API Serverest Deve realizar login com sucesso",
              "timedOut": null,
              "duration": 441,
              "state": "passed",
              "speed": "fast",
              "pass": true,
              "fail": false,
              "pending": false,
              "context": null,
              "code": "_serverest.default.buscarUsuarioParaLogin();\ncy.get('@usuarioLogin').then(usuario => {\n  _serverest.default.logar(usuario).then(res => {\n    _validaServerest.default.validarBuscaDeUsuarios(res);\n    _serverest.default.salvarBearer(res);\n  });\n});",
              "err": {},
              "uuid": "91bbe955-091c-4ac9-af46-ee45b3602c21",
              "parentUUID": "44d04166-32cc-4a24-9606-3a6c2b73748d",
              "isHook": false,
              "skipped": false
            }
          ],
          "suites": [],
          "passes": [
            "6c490ffe-5716-4803-baf0-f25174e5778f",
            "91bbe955-091c-4ac9-af46-ee45b3602c21"
          ],
          "failures": [
            "474ef596-082f-4ea1-8509-14ac5856b9bc"
          ],
          "pending": [],
          "skipped": [],
          "duration": 1527,
          "root": false,
          "rootEmpty": false,
          "_timeout": 2000
        }
      ],
      "passes": [],
      "failures": [],
      "pending": [],
      "skipped": [],
      "duration": 0,
      "root": true,
      "rootEmpty": true,
      "_timeout": 2000
    }
  ],
  "meta": {
    "mocha": {
      "version": "7.0.1"
    },
    "mochawesome": {
      "options": {
        "quiet": false,
        "reportFilename": "mochawesome",
        "saveHtml": false,
        "saveJson": true,
        "consoleReporter": "spec",
        "useInlineDiffs": false,
        "code": true
      },
      "version": "7.1.3"
    },
    "marge": {
      "options": {
        "id": "default",
        "reportDir": "cypress/reports/mocha",
        "quite": true,
        "overwrite": false,
        "html": false,
        "json": true
      },
      "version": "6.2.0"
    }
  }
}